<?xml version="1.0" encoding="UTF-8"?>
<!-- Generated by org.testng.reporters.JUnitReportReporter -->
<testsuite skipped="0" hostname="DESKTOP-QL74M3G" name="com.qa.Testcases.LoginTest" tests="1" failures="0" timestamp="2020-03-22T12:50:20 IST" time="4.653" errors="0">
  <testcase name="login" time="4.653" classname="com.qa.Testcases.LoginTest"/>
</testsuite> <!-- com.qa.Testcases.LoginTest -->
